<?xml version="1.0" encoding="UTF-8"?>
<testng-results ignored="0" total="2" passed="2" failed="0" skipped="0">
  <reporter-output>
  </reporter-output>
  <suite started-at="2023-08-03T18:00:04 IST" name="Default suite" finished-at="2023-08-03T18:00:04 IST" duration-ms="308">
    <groups>
      <group name="cucumber">
        <method signature="AbstractTestNGCucumberTests.runScenario(cucumber.api.testng.PickleEventWrapper,cucumber.api.testng.CucumberFeatureWrapper)[pri:0, instance:com.bdd.runner.TestRunnerex@1cbbffcd]" name="runScenario" class="cucumber.api.testng.AbstractTestNGCucumberTests"/>
      </group> <!-- cucumber -->
    </groups>
    <test started-at="2023-08-03T18:00:04 IST" name="Default test" finished-at="2023-08-03T18:00:04 IST" duration-ms="308">
      <class name="com.bdd.runner.TestRunnerex">
        <test-method is-config="true" signature="setUpClass()[pri:0, instance:com.bdd.runner.TestRunnerex@1cbbffcd]" started-at="2023-08-03T18:00:04 IST" name="setUpClass" finished-at="2023-08-03T18:00:04 IST" duration-ms="97" status="PASS">
          <reporter-output>
          </reporter-output>
        </test-method> <!-- setUpClass -->
        <test-method signature="runScenario(cucumber.api.testng.PickleEventWrapper,cucumber.api.testng.CucumberFeatureWrapper)[pri:0, instance:com.bdd.runner.TestRunnerex@1cbbffcd]" started-at="2023-08-03T18:00:04 IST" name="runScenario" description="Runs Cucumber Scenarios" data-provider="scenarios" finished-at="2023-08-03T18:00:04 IST" duration-ms="135" status="PASS">
          <params>
            <param index="0">
              <value>
                <![CDATA["Login should be Success"]]>
              </value>
            </param>
            <param index="1">
              <value>
                <![CDATA[""]]>
              </value>
            </param>
          </params>
          <reporter-output>
          </reporter-output>
        </test-method> <!-- runScenario -->
        <test-method signature="runScenario(cucumber.api.testng.PickleEventWrapper,cucumber.api.testng.CucumberFeatureWrapper)[pri:0, instance:com.bdd.runner.TestRunnerex@1cbbffcd]" started-at="2023-08-03T18:00:04 IST" name="runScenario" description="Runs Cucumber Scenarios" data-provider="scenarios" finished-at="2023-08-03T18:00:04 IST" duration-ms="1" status="PASS">
          <params>
            <param index="0">
              <value>
                <![CDATA["Login should be fail"]]>
              </value>
            </param>
            <param index="1">
              <value>
                <![CDATA[""]]>
              </value>
            </param>
          </params>
          <reporter-output>
          </reporter-output>
        </test-method> <!-- runScenario -->
        <test-method is-config="true" signature="tearDownClass()[pri:0, instance:com.bdd.runner.TestRunnerex@1cbbffcd]" started-at="2023-08-03T18:00:04 IST" name="tearDownClass" finished-at="2023-08-03T18:00:04 IST" duration-ms="4" status="PASS">
          <reporter-output>
          </reporter-output>
        </test-method> <!-- tearDownClass -->
      </class> <!-- com.bdd.runner.TestRunnerex -->
    </test> <!-- Default test -->
  </suite> <!-- Default suite -->
</testng-results>
